
*** Running vivado
    with args -log test_env.vds -m64 -product Vivado -mode batch -messageDb vivado.pb -notrace -source test_env.tcl


****** Vivado v2018.3 (64-bit)
  **** SW Build 2405991 on Thu Dec  6 23:38:27 MST 2018
  **** IP Build 2404404 on Fri Dec  7 01:43:56 MST 2018
    ** Copyright 1986-2018 Xilinx, Inc. All Rights Reserved.

source test_env.tcl -notrace
Command: synth_design -top test_env -part xc7a35tcpg236-1
Starting synth_design
Attempting to get a license for feature 'Synthesis' and/or device 'xc7a35t'
INFO: [Common 17-349] Got license for feature 'Synthesis' and/or device 'xc7a35t'
INFO: Launching helper process for spawning children vivado processes
INFO: Helper process launched with PID 8652 
---------------------------------------------------------------------------------
Starting RTL Elaboration : Time (s): cpu = 00:00:05 ; elapsed = 00:00:07 . Memory (MB): peak = 395.742 ; gain = 100.754
---------------------------------------------------------------------------------
INFO: [Synth 8-638] synthesizing module 'test_env' [E:/CA/mips/Mips/Mips.srcs/sources_1/new/test_env.vhd:15]
INFO: [Synth 8-3491] module 'MPG' declared at 'E:/CA/mips/Mips/Mips.srcs/sources_1/new/MPG.vhd:6' bound to instance 'label_MPG' of component 'MPG' [E:/CA/mips/Mips/Mips.srcs/sources_1/new/test_env.vhd:104]
INFO: [Synth 8-638] synthesizing module 'MPG' [E:/CA/mips/Mips/Mips.srcs/sources_1/new/MPG.vhd:12]
INFO: [Synth 8-256] done synthesizing module 'MPG' (1#1) [E:/CA/mips/Mips/Mips.srcs/sources_1/new/MPG.vhd:12]
INFO: [Synth 8-3491] module 'SSD' declared at 'E:/CA/mips/Mips/Mips.srcs/sources_1/new/SSD.vhd:6' bound to instance 'label_SSD' of component 'SSD' [E:/CA/mips/Mips/Mips.srcs/sources_1/new/test_env.vhd:105]
INFO: [Synth 8-638] synthesizing module 'SSD' [E:/CA/mips/Mips/Mips.srcs/sources_1/new/SSD.vhd:17]
INFO: [Synth 8-256] done synthesizing module 'SSD' (2#1) [E:/CA/mips/Mips/Mips.srcs/sources_1/new/SSD.vhd:17]
INFO: [Synth 8-3491] module 'EX' declared at 'E:/CA/mips/Mips/Mips.srcs/sources_1/new/EX.vhd:6' bound to instance 'label_EX' of component 'EX' [E:/CA/mips/Mips/Mips.srcs/sources_1/new/test_env.vhd:106]
INFO: [Synth 8-638] synthesizing module 'EX' [E:/CA/mips/Mips/Mips.srcs/sources_1/new/EX.vhd:21]
INFO: [Synth 8-3491] module 'ALU' declared at 'E:/CA/mips/Mips/Mips.srcs/sources_1/new/ALU.vhd:6' bound to instance 'label_ALU' of component 'ALU' [E:/CA/mips/Mips/Mips.srcs/sources_1/new/EX.vhd:36]
INFO: [Synth 8-638] synthesizing module 'ALU' [E:/CA/mips/Mips/Mips.srcs/sources_1/new/ALU.vhd:15]
INFO: [Synth 8-256] done synthesizing module 'ALU' (3#1) [E:/CA/mips/Mips/Mips.srcs/sources_1/new/ALU.vhd:15]
WARNING: [Synth 8-614] signal 'Ext_Imm' is read in the process but is not in the sensitivity list [E:/CA/mips/Mips/Mips.srcs/sources_1/new/EX.vhd:39]
WARNING: [Synth 8-614] signal 'RD2' is read in the process but is not in the sensitivity list [E:/CA/mips/Mips/Mips.srcs/sources_1/new/EX.vhd:39]
WARNING: [Synth 8-614] signal 'Func' is read in the process but is not in the sensitivity list [E:/CA/mips/Mips/Mips.srcs/sources_1/new/EX.vhd:48]
INFO: [Synth 8-256] done synthesizing module 'EX' (4#1) [E:/CA/mips/Mips/Mips.srcs/sources_1/new/EX.vhd:21]
INFO: [Synth 8-3491] module 'InstrF' declared at 'E:/CA/mips/Mips/Mips.srcs/sources_1/new/IF.vhd:6' bound to instance 'label_IF' of component 'InstrF' [E:/CA/mips/Mips/Mips.srcs/sources_1/new/test_env.vhd:107]
INFO: [Synth 8-638] synthesizing module 'InstrF' [E:/CA/mips/Mips/Mips.srcs/sources_1/new/IF.vhd:17]
WARNING: [Synth 8-614] signal 'branch_address' is read in the process but is not in the sensitivity list [E:/CA/mips/Mips/Mips.srcs/sources_1/new/IF.vhd:51]
WARNING: [Synth 8-614] signal 'PC_next' is read in the process but is not in the sensitivity list [E:/CA/mips/Mips/Mips.srcs/sources_1/new/IF.vhd:51]
WARNING: [Synth 8-614] signal 'jump_address' is read in the process but is not in the sensitivity list [E:/CA/mips/Mips/Mips.srcs/sources_1/new/IF.vhd:60]
WARNING: [Synth 8-614] signal 'aux' is read in the process but is not in the sensitivity list [E:/CA/mips/Mips/Mips.srcs/sources_1/new/IF.vhd:60]
INFO: [Synth 8-256] done synthesizing module 'InstrF' (5#1) [E:/CA/mips/Mips/Mips.srcs/sources_1/new/IF.vhd:17]
INFO: [Synth 8-3491] module 'InstrD' declared at 'E:/CA/mips/Mips/Mips.srcs/sources_1/new/ID.vhd:6' bound to instance 'label_ID' of component 'InstrD' [E:/CA/mips/Mips/Mips.srcs/sources_1/new/test_env.vhd:108]
INFO: [Synth 8-638] synthesizing module 'InstrD' [E:/CA/mips/Mips/Mips.srcs/sources_1/new/ID.vhd:20]
INFO: [Synth 8-3491] module 'RF' declared at 'E:/CA/mips/Mips/Mips.srcs/sources_1/new/RF.vhd:6' bound to instance 'label_RF' of component 'RF' [E:/CA/mips/Mips/Mips.srcs/sources_1/new/ID.vhd:37]
INFO: [Synth 8-638] synthesizing module 'RF' [E:/CA/mips/Mips/Mips.srcs/sources_1/new/RF.vhd:17]
INFO: [Synth 8-256] done synthesizing module 'RF' (6#1) [E:/CA/mips/Mips/Mips.srcs/sources_1/new/RF.vhd:17]
WARNING: [Synth 8-614] signal 'current_instruction' is read in the process but is not in the sensitivity list [E:/CA/mips/Mips/Mips.srcs/sources_1/new/ID.vhd:39]
WARNING: [Synth 8-614] signal 'current_instruction' is read in the process but is not in the sensitivity list [E:/CA/mips/Mips/Mips.srcs/sources_1/new/ID.vhd:48]
INFO: [Synth 8-256] done synthesizing module 'InstrD' (7#1) [E:/CA/mips/Mips/Mips.srcs/sources_1/new/ID.vhd:20]
INFO: [Synth 8-3491] module 'UC' declared at 'E:/CA/mips/Mips/Mips.srcs/sources_1/new/UC.vhd:6' bound to instance 'label_UC' of component 'UC' [E:/CA/mips/Mips/Mips.srcs/sources_1/new/test_env.vhd:109]
INFO: [Synth 8-638] synthesizing module 'UC' [E:/CA/mips/Mips/Mips.srcs/sources_1/new/UC.vhd:20]
INFO: [Synth 8-256] done synthesizing module 'UC' (8#1) [E:/CA/mips/Mips/Mips.srcs/sources_1/new/UC.vhd:20]
INFO: [Synth 8-3491] module 'MEM' declared at 'E:/CA/mips/Mips/Mips.srcs/sources_1/new/MEM.vhd:6' bound to instance 'label_MEM' of component 'MEM' [E:/CA/mips/Mips/Mips.srcs/sources_1/new/test_env.vhd:110]
INFO: [Synth 8-638] synthesizing module 'MEM' [E:/CA/mips/Mips/Mips.srcs/sources_1/new/MEM.vhd:15]
INFO: [Synth 8-3491] module 'RAM' declared at 'E:/CA/mips/Mips/Mips.srcs/sources_1/new/RAM.vhd:6' bound to instance 'label_RAM' of component 'RAM' [E:/CA/mips/Mips/Mips.srcs/sources_1/new/MEM.vhd:28]
INFO: [Synth 8-638] synthesizing module 'RAM' [E:/CA/mips/Mips/Mips.srcs/sources_1/new/RAM.vhd:15]
INFO: [Synth 8-256] done synthesizing module 'RAM' (9#1) [E:/CA/mips/Mips/Mips.srcs/sources_1/new/RAM.vhd:15]
INFO: [Synth 8-256] done synthesizing module 'MEM' (10#1) [E:/CA/mips/Mips/Mips.srcs/sources_1/new/MEM.vhd:15]
WARNING: [Synth 8-614] signal 'DMout' is read in the process but is not in the sensitivity list [E:/CA/mips/Mips/Mips.srcs/sources_1/new/test_env.vhd:131]
WARNING: [Synth 8-614] signal 'ALURes' is read in the process but is not in the sensitivity list [E:/CA/mips/Mips/Mips.srcs/sources_1/new/test_env.vhd:131]
WARNING: [Synth 8-614] signal 'current_instruction' is read in the process but is not in the sensitivity list [E:/CA/mips/Mips/Mips.srcs/sources_1/new/test_env.vhd:167]
WARNING: [Synth 8-614] signal 'next_instruction' is read in the process but is not in the sensitivity list [E:/CA/mips/Mips/Mips.srcs/sources_1/new/test_env.vhd:167]
WARNING: [Synth 8-614] signal 'RD1' is read in the process but is not in the sensitivity list [E:/CA/mips/Mips/Mips.srcs/sources_1/new/test_env.vhd:167]
WARNING: [Synth 8-614] signal 'RD2' is read in the process but is not in the sensitivity list [E:/CA/mips/Mips/Mips.srcs/sources_1/new/test_env.vhd:167]
WARNING: [Synth 8-614] signal 'Ext_Imm' is read in the process but is not in the sensitivity list [E:/CA/mips/Mips/Mips.srcs/sources_1/new/test_env.vhd:167]
WARNING: [Synth 8-614] signal 'DMAdd' is read in the process but is not in the sensitivity list [E:/CA/mips/Mips/Mips.srcs/sources_1/new/test_env.vhd:167]
WARNING: [Synth 8-614] signal 'DMout' is read in the process but is not in the sensitivity list [E:/CA/mips/Mips/Mips.srcs/sources_1/new/test_env.vhd:167]
WARNING: [Synth 8-614] signal 'WD' is read in the process but is not in the sensitivity list [E:/CA/mips/Mips/Mips.srcs/sources_1/new/test_env.vhd:167]
INFO: [Synth 8-256] done synthesizing module 'test_env' (11#1) [E:/CA/mips/Mips/Mips.srcs/sources_1/new/test_env.vhd:15]
WARNING: [Synth 8-3331] design test_env has unconnected port btn[4]
WARNING: [Synth 8-3331] design test_env has unconnected port btn[3]
WARNING: [Synth 8-3331] design test_env has unconnected port btn[2]
WARNING: [Synth 8-3331] design test_env has unconnected port btn[1]
WARNING: [Synth 8-3331] design test_env has unconnected port sw[15]
WARNING: [Synth 8-3331] design test_env has unconnected port sw[14]
WARNING: [Synth 8-3331] design test_env has unconnected port sw[13]
WARNING: [Synth 8-3331] design test_env has unconnected port sw[12]
WARNING: [Synth 8-3331] design test_env has unconnected port sw[11]
WARNING: [Synth 8-3331] design test_env has unconnected port sw[10]
WARNING: [Synth 8-3331] design test_env has unconnected port sw[9]
WARNING: [Synth 8-3331] design test_env has unconnected port sw[8]
WARNING: [Synth 8-3331] design test_env has unconnected port sw[4]
WARNING: [Synth 8-3331] design test_env has unconnected port sw[3]
WARNING: [Synth 8-3331] design test_env has unconnected port sw[2]
WARNING: [Synth 8-3331] design test_env has unconnected port sw[1]
---------------------------------------------------------------------------------
Finished RTL Elaboration : Time (s): cpu = 00:00:08 ; elapsed = 00:00:11 . Memory (MB): peak = 482.281 ; gain = 187.293
---------------------------------------------------------------------------------

Report Check Netlist: 
+------+------------------+-------+---------+-------+------------------+
|      |Item              |Errors |Warnings |Status |Description       |
+------+------------------+-------+---------+-------+------------------+
|1     |multi_driven_nets |      0|        0|Passed |Multi driven nets |
+------+------------------+-------+---------+-------+------------------+
---------------------------------------------------------------------------------
Start Handling Custom Attributes
---------------------------------------------------------------------------------
---------------------------------------------------------------------------------
Finished Handling Custom Attributes : Time (s): cpu = 00:00:08 ; elapsed = 00:00:12 . Memory (MB): peak = 482.281 ; gain = 187.293
---------------------------------------------------------------------------------
---------------------------------------------------------------------------------
Finished RTL Optimization Phase 1 : Time (s): cpu = 00:00:08 ; elapsed = 00:00:12 . Memory (MB): peak = 482.281 ; gain = 187.293
---------------------------------------------------------------------------------
INFO: [Device 21-403] Loading part xc7a35tcpg236-1
INFO: [Project 1-570] Preparing netlist for logic optimization

Processing XDC Constraints
Initializing timing engine
Parsing XDC File [E:/CA/project_2/project_2.srcs/constrs_1/new/constr.xdc]
Finished Parsing XDC File [E:/CA/project_2/project_2.srcs/constrs_1/new/constr.xdc]
INFO: [Project 1-236] Implementation specific constraints were found while reading constraint file [E:/CA/project_2/project_2.srcs/constrs_1/new/constr.xdc]. These constraints will be ignored for synthesis but will be used in implementation. Impacted constraints are listed in the file [.Xil/test_env_propImpl.xdc].
Resolution: To avoid this warning, move constraints listed in [.Xil/test_env_propImpl.xdc] to another XDC file and exclude this new file from synthesis with the used_in_synthesis property (File Properties dialog in GUI) and re-run elaboration/synthesis.
Netlist sorting complete. Time (s): cpu = 00:00:00 ; elapsed = 00:00:00.001 . Memory (MB): peak = 786.402 ; gain = 0.000
Completed Processing XDC Constraints

Netlist sorting complete. Time (s): cpu = 00:00:00 ; elapsed = 00:00:00 . Memory (MB): peak = 786.402 ; gain = 0.000
INFO: [Project 1-111] Unisim Transformation Summary:
No Unisim elements were transformed.

Netlist sorting complete. Time (s): cpu = 00:00:00 ; elapsed = 00:00:00 . Memory (MB): peak = 786.402 ; gain = 0.000
Constraint Validation Runtime : Time (s): cpu = 00:00:00 ; elapsed = 00:00:00.056 . Memory (MB): peak = 786.402 ; gain = 0.000
---------------------------------------------------------------------------------
Finished Constraint Validation : Time (s): cpu = 00:00:23 ; elapsed = 00:00:36 . Memory (MB): peak = 786.402 ; gain = 491.414
---------------------------------------------------------------------------------
---------------------------------------------------------------------------------
Start Loading Part and Timing Information
---------------------------------------------------------------------------------
Loading part: xc7a35tcpg236-1
---------------------------------------------------------------------------------
Finished Loading Part and Timing Information : Time (s): cpu = 00:00:23 ; elapsed = 00:00:36 . Memory (MB): peak = 786.402 ; gain = 491.414
---------------------------------------------------------------------------------
---------------------------------------------------------------------------------
Start Applying 'set_property' XDC Constraints
---------------------------------------------------------------------------------
---------------------------------------------------------------------------------
Finished applying 'set_property' XDC Constraints : Time (s): cpu = 00:00:23 ; elapsed = 00:00:36 . Memory (MB): peak = 786.402 ; gain = 491.414
---------------------------------------------------------------------------------
INFO: [Synth 8-5818] HDL ADVISOR - The operator resource <adder> is shared. To prevent sharing consider applying a KEEP on the output of the operator [E:/CA/mips/Mips/Mips.srcs/sources_1/new/ALU.vhd:26]
INFO: [Synth 8-5546] ROM "instructions" won't be mapped to RAM because it is too sparse
WARNING: [Synth 8-6014] Unused sequential element PC_out_reg_rep was removed.  [E:/CA/mips/Mips/Mips.srcs/sources_1/new/IF.vhd:46]
---------------------------------------------------------------------------------
Finished RTL Optimization Phase 2 : Time (s): cpu = 00:00:24 ; elapsed = 00:00:38 . Memory (MB): peak = 786.402 ; gain = 491.414
---------------------------------------------------------------------------------

Report RTL Partitions: 
+-+--------------+------------+----------+
| |RTL Partition |Replication |Instances |
+-+--------------+------------+----------+
+-+--------------+------------+----------+
---------------------------------------------------------------------------------
Start RTL Component Statistics 
---------------------------------------------------------------------------------
Detailed RTL Component Info : 
+---Adders : 
	   3 Input     16 Bit       Adders := 1     
	   2 Input     16 Bit       Adders := 2     
+---XORs : 
	   2 Input     16 Bit         XORs := 1     
+---Registers : 
	               16 Bit    Registers := 3     
	                1 Bit    Registers := 4     
+---RAMs : 
	            1024K Bit         RAMs := 1     
+---Muxes : 
	   8 Input     16 Bit        Muxes := 2     
	   2 Input     16 Bit        Muxes := 9     
	 257 Input     16 Bit        Muxes := 1     
	   2 Input      8 Bit        Muxes := 1     
	   4 Input      4 Bit        Muxes := 2     
	   6 Input      3 Bit        Muxes := 1     
	   2 Input      3 Bit        Muxes := 1     
	   8 Input      3 Bit        Muxes := 1     
	   8 Input      1 Bit        Muxes := 8     
---------------------------------------------------------------------------------
Finished RTL Component Statistics 
---------------------------------------------------------------------------------
---------------------------------------------------------------------------------
Start RTL Hierarchical Component Statistics 
---------------------------------------------------------------------------------
Hierarchical RTL Component report 
Module test_env 
Detailed RTL Component Info : 
+---Registers : 
	               16 Bit    Registers := 1     
	                1 Bit    Registers := 1     
+---Muxes : 
	   2 Input     16 Bit        Muxes := 2     
	   2 Input      8 Bit        Muxes := 1     
Module MPG 
Detailed RTL Component Info : 
+---Registers : 
	                1 Bit    Registers := 3     
Module SSD 
Detailed RTL Component Info : 
+---Muxes : 
	   4 Input      4 Bit        Muxes := 2     
Module ALU 
Detailed RTL Component Info : 
+---Adders : 
	   3 Input     16 Bit       Adders := 1     
+---XORs : 
	   2 Input     16 Bit         XORs := 1     
+---Muxes : 
	   8 Input     16 Bit        Muxes := 2     
	   2 Input     16 Bit        Muxes := 2     
Module EX 
Detailed RTL Component Info : 
+---Adders : 
	   2 Input     16 Bit       Adders := 1     
+---Muxes : 
	   2 Input     16 Bit        Muxes := 1     
	   6 Input      3 Bit        Muxes := 1     
Module InstrF 
Detailed RTL Component Info : 
+---Adders : 
	   2 Input     16 Bit       Adders := 1     
+---Registers : 
	               16 Bit    Registers := 1     
+---Muxes : 
	   2 Input     16 Bit        Muxes := 2     
	 257 Input     16 Bit        Muxes := 1     
Module InstrD 
Detailed RTL Component Info : 
+---Muxes : 
	   2 Input     16 Bit        Muxes := 2     
	   2 Input      3 Bit        Muxes := 1     
Module UC 
Detailed RTL Component Info : 
+---Muxes : 
	   8 Input      3 Bit        Muxes := 1     
	   8 Input      1 Bit        Muxes := 8     
Module RAM 
Detailed RTL Component Info : 
+---Registers : 
	               16 Bit    Registers := 1     
+---RAMs : 
	            1024K Bit         RAMs := 1     
---------------------------------------------------------------------------------
Finished RTL Hierarchical Component Statistics
---------------------------------------------------------------------------------
---------------------------------------------------------------------------------
Start Part Resource Summary
---------------------------------------------------------------------------------
Part Resources:
DSPs: 90 (col length:60)
BRAMs: 100 (col length: RAMB18 60 RAMB36 30)
---------------------------------------------------------------------------------
Finished Part Resource Summary
---------------------------------------------------------------------------------
---------------------------------------------------------------------------------
Start Cross Boundary and Area Optimization
---------------------------------------------------------------------------------
Warning: Parallel synthesis criteria is not met 
WARNING: [Synth 8-3331] design test_env has unconnected port btn[4]
WARNING: [Synth 8-3331] design test_env has unconnected port btn[3]
WARNING: [Synth 8-3331] design test_env has unconnected port btn[2]
WARNING: [Synth 8-3331] design test_env has unconnected port btn[1]
WARNING: [Synth 8-3331] design test_env has unconnected port sw[15]
WARNING: [Synth 8-3331] design test_env has unconnected port sw[14]
WARNING: [Synth 8-3331] design test_env has unconnected port sw[13]
WARNING: [Synth 8-3331] design test_env has unconnected port sw[12]
WARNING: [Synth 8-3331] design test_env has unconnected port sw[11]
WARNING: [Synth 8-3331] design test_env has unconnected port sw[10]
WARNING: [Synth 8-3331] design test_env has unconnected port sw[9]
WARNING: [Synth 8-3331] design test_env has unconnected port sw[8]
WARNING: [Synth 8-3331] design test_env has unconnected port sw[4]
WARNING: [Synth 8-3331] design test_env has unconnected port sw[3]
WARNING: [Synth 8-3331] design test_env has unconnected port sw[2]
WARNING: [Synth 8-3331] design test_env has unconnected port sw[1]
---------------------------------------------------------------------------------
Finished Cross Boundary and Area Optimization : Time (s): cpu = 00:00:30 ; elapsed = 00:00:44 . Memory (MB): peak = 786.402 ; gain = 491.414
---------------------------------------------------------------------------------
---------------------------------------------------------------------------------
Start ROM, RAM, DSP and Shift Register Reporting
---------------------------------------------------------------------------------

Block RAM: Preliminary Mapping  Report (see note below)
+------------+--------------+------------------------+---+---+------------------------+---+---+------------------+--------+--------+
|Module Name | RTL Object   | PORT A (Depth x Width) | W | R | PORT B (Depth x Width) | W | R | Ports driving FF | RAMB18 | RAMB36 | 
+------------+--------------+------------------------+---+---+------------------------+---+---+------------------+--------+--------+
|RAM:        | ram_file_reg | 64 K x 16(READ_FIRST)  | W | R |                        |   |   | Port A           | 0      | 32     | 
+------------+--------------+------------------------+---+---+------------------------+---+---+------------------+--------+--------+

Note: The table above is a preliminary report that shows the Block RAMs at the current stage of the synthesis flow. Some Block RAMs may be reimplemented as non Block RAM primitives later in the synthesis flow. Multiple instantiated Block RAMs are reported only once. 

Distributed RAM: Preliminary Mapping  Report (see note below)
+------------+--------------------------------+-----------+----------------------+--------------+
|Module Name | RTL Object                     | Inference | Size (Depth x Width) | Primitives   | 
+------------+--------------------------------+-----------+----------------------+--------------+
|test_env    | label_ID/label_RF/reg_file_reg | Implied   | 8 x 16               | RAM32M x 6   | 
+------------+--------------------------------+-----------+----------------------+--------------+

Note: The table above is a preliminary report that shows the Distributed RAMs at the current stage of the synthesis flow. Some Distributed RAMs may be reimplemented as non Distributed RAM primitives later in the synthesis flow. Multiple instantiated RAMs are reported only once.
---------------------------------------------------------------------------------
Finished ROM, RAM, DSP and Shift Register Reporting
---------------------------------------------------------------------------------
INFO: [Synth 8-6837] The timing for the instance i_2/label_MEM/label_RAM/ram_file_reg_1_0 (implemented as a Block RAM) might be sub-optimal as no optional output register could be merged into the block ram. Providing additional output register may help in improving timing.
INFO: [Synth 8-6837] The timing for the instance i_2/label_MEM/label_RAM/ram_file_reg_1_1 (implemented as a Block RAM) might be sub-optimal as no optional output register could be merged into the block ram. Providing additional output register may help in improving timing.
INFO: [Synth 8-6837] The timing for the instance i_2/label_MEM/label_RAM/ram_file_reg_1_2 (implemented as a Block RAM) might be sub-optimal as no optional output register could be merged into the block ram. Providing additional output register may help in improving timing.
INFO: [Synth 8-6837] The timing for the instance i_2/label_MEM/label_RAM/ram_file_reg_1_3 (implemented as a Block RAM) might be sub-optimal as no optional output register could be merged into the block ram. Providing additional output register may help in improving timing.
INFO: [Synth 8-6837] The timing for the instance i_2/label_MEM/label_RAM/ram_file_reg_1_4 (implemented as a Block RAM) might be sub-optimal as no optional output register could be merged into the block ram. Providing additional output register may help in improving timing.
INFO: [Synth 8-6837] The timing for the instance i_2/label_MEM/label_RAM/ram_file_reg_1_5 (implemented as a Block RAM) might be sub-optimal as no optional output register could be merged into the block ram. Providing additional output register may help in improving timing.
INFO: [Synth 8-6837] The timing for the instance i_2/label_MEM/label_RAM/ram_file_reg_1_6 (implemented as a Block RAM) might be sub-optimal as no optional output register could be merged into the block ram. Providing additional output register may help in improving timing.
INFO: [Synth 8-6837] The timing for the instance i_2/label_MEM/label_RAM/ram_file_reg_1_7 (implemented as a Block RAM) might be sub-optimal as no optional output register could be merged into the block ram. Providing additional output register may help in improving timing.
INFO: [Synth 8-6837] The timing for the instance i_2/label_MEM/label_RAM/ram_file_reg_1_8 (implemented as a Block RAM) might be sub-optimal as no optional output register could be merged into the block ram. Providing additional output register may help in improving timing.
INFO: [Synth 8-6837] The timing for the instance i_2/label_MEM/label_RAM/ram_file_reg_1_9 (implemented as a Block RAM) might be sub-optimal as no optional output register could be merged into the block ram. Providing additional output register may help in improving timing.
INFO: [Synth 8-6837] The timing for the instance i_2/label_MEM/label_RAM/ram_file_reg_1_10 (implemented as a Block RAM) might be sub-optimal as no optional output register could be merged into the block ram. Providing additional output register may help in improving timing.
INFO: [Synth 8-6837] The timing for the instance i_2/label_MEM/label_RAM/ram_file_reg_1_11 (implemented as a Block RAM) might be sub-optimal as no optional output register could be merged into the block ram. Providing additional output register may help in improving timing.
INFO: [Synth 8-6837] The timing for the instance i_2/label_MEM/label_RAM/ram_file_reg_1_12 (implemented as a Block RAM) might be sub-optimal as no optional output register could be merged into the block ram. Providing additional output register may help in improving timing.
INFO: [Synth 8-6837] The timing for the instance i_2/label_MEM/label_RAM/ram_file_reg_1_13 (implemented as a Block RAM) might be sub-optimal as no optional output register could be merged into the block ram. Providing additional output register may help in improving timing.
INFO: [Synth 8-6837] The timing for the instance i_2/label_MEM/label_RAM/ram_file_reg_1_14 (implemented as a Block RAM) might be sub-optimal as no optional output register could be merged into the block ram. Providing additional output register may help in improving timing.
INFO: [Synth 8-6837] The timing for the instance i_2/label_MEM/label_RAM/ram_file_reg_1_15 (implemented as a Block RAM) might be sub-optimal as no optional output register could be merged into the block ram. Providing additional output register may help in improving timing.

Report RTL Partitions: 
+-+--------------+------------+----------+
| |RTL Partition |Replication |Instances |
+-+--------------+------------+----------+
+-+--------------+------------+----------+
---------------------------------------------------------------------------------
Start Applying XDC Timing Constraints
---------------------------------------------------------------------------------
---------------------------------------------------------------------------------
Finished Applying XDC Timing Constraints : Time (s): cpu = 00:00:46 ; elapsed = 00:01:01 . Memory (MB): peak = 796.430 ; gain = 501.441
---------------------------------------------------------------------------------
---------------------------------------------------------------------------------
Start Timing Optimization
---------------------------------------------------------------------------------
---------------------------------------------------------------------------------
Finished Timing Optimization : Time (s): cpu = 00:00:46 ; elapsed = 00:01:01 . Memory (MB): peak = 796.801 ; gain = 501.813
---------------------------------------------------------------------------------
---------------------------------------------------------------------------------
Start ROM, RAM, DSP and Shift Register Reporting
---------------------------------------------------------------------------------

Block RAM: Final Mapping  Report
+------------+--------------+------------------------+---+---+------------------------+---+---+------------------+--------+--------+
|Module Name | RTL Object   | PORT A (Depth x Width) | W | R | PORT B (Depth x Width) | W | R | Ports driving FF | RAMB18 | RAMB36 | 
+------------+--------------+------------------------+---+---+------------------------+---+---+------------------+--------+--------+
|RAM:        | ram_file_reg | 64 K x 16(READ_FIRST)  | W | R |                        |   |   | Port A           | 0      | 32     | 
+------------+--------------+------------------------+---+---+------------------------+---+---+------------------+--------+--------+


Distributed RAM: Final Mapping  Report
+------------+--------------------------------+-----------+----------------------+--------------+
|Module Name | RTL Object                     | Inference | Size (Depth x Width) | Primitives   | 
+------------+--------------------------------+-----------+----------------------+--------------+
|test_env    | label_ID/label_RF/reg_file_reg | Implied   | 8 x 16               | RAM32M x 6   | 
+------------+--------------------------------+-----------+----------------------+--------------+

---------------------------------------------------------------------------------
Finished ROM, RAM, DSP and Shift Register Reporting
---------------------------------------------------------------------------------

Report RTL Partitions: 
+-+--------------+------------+----------+
| |RTL Partition |Replication |Instances |
+-+--------------+------------+----------+
+-+--------------+------------+----------+
---------------------------------------------------------------------------------
Start Technology Mapping
---------------------------------------------------------------------------------
INFO: [Synth 8-3886] merging instance 'led_reg[3]' (FDR) to 'led_reg[4]'
INFO: [Synth 8-3333] propagating constant 0 across sequential element (\led_reg[4] )
INFO: [Synth 8-6837] The timing for the instance label_MEM/label_RAM/ram_file_reg_1_0 (implemented as a Block RAM) might be sub-optimal as no optional output register could be merged into the block ram. Providing additional output register may help in improving timing.
INFO: [Synth 8-6837] The timing for the instance label_MEM/label_RAM/ram_file_reg_1_1 (implemented as a Block RAM) might be sub-optimal as no optional output register could be merged into the block ram. Providing additional output register may help in improving timing.
INFO: [Synth 8-6837] The timing for the instance label_MEM/label_RAM/ram_file_reg_1_2 (implemented as a Block RAM) might be sub-optimal as no optional output register could be merged into the block ram. Providing additional output register may help in improving timing.
INFO: [Synth 8-6837] The timing for the instance label_MEM/label_RAM/ram_file_reg_1_3 (implemented as a Block RAM) might be sub-optimal as no optional output register could be merged into the block ram. Providing additional output register may help in improving timing.
INFO: [Synth 8-6837] The timing for the instance label_MEM/label_RAM/ram_file_reg_1_4 (implemented as a Block RAM) might be sub-optimal as no optional output register could be merged into the block ram. Providing additional output register may help in improving timing.
INFO: [Synth 8-6837] The timing for the instance label_MEM/label_RAM/ram_file_reg_1_5 (implemented as a Block RAM) might be sub-optimal as no optional output register could be merged into the block ram. Providing additional output register may help in improving timing.
INFO: [Synth 8-6837] The timing for the instance label_MEM/label_RAM/ram_file_reg_1_6 (implemented as a Block RAM) might be sub-optimal as no optional output register could be merged into the block ram. Providing additional output register may help in improving timing.
INFO: [Synth 8-6837] The timing for the instance label_MEM/label_RAM/ram_file_reg_1_7 (implemented as a Block RAM) might be sub-optimal as no optional output register could be merged into the block ram. Providing additional output register may help in improving timing.
INFO: [Synth 8-6837] The timing for the instance label_MEM/label_RAM/ram_file_reg_1_8 (implemented as a Block RAM) might be sub-optimal as no optional output register could be merged into the block ram. Providing additional output register may help in improving timing.
INFO: [Synth 8-6837] The timing for the instance label_MEM/label_RAM/ram_file_reg_1_9 (implemented as a Block RAM) might be sub-optimal as no optional output register could be merged into the block ram. Providing additional output register may help in improving timing.
INFO: [Synth 8-6837] The timing for the instance label_MEM/label_RAM/ram_file_reg_1_10 (implemented as a Block RAM) might be sub-optimal as no optional output register could be merged into the block ram. Providing additional output register may help in improving timing.
INFO: [Synth 8-6837] The timing for the instance label_MEM/label_RAM/ram_file_reg_1_11 (implemented as a Block RAM) might be sub-optimal as no optional output register could be merged into the block ram. Providing additional output register may help in improving timing.
INFO: [Synth 8-6837] The timing for the instance label_MEM/label_RAM/ram_file_reg_1_12 (implemented as a Block RAM) might be sub-optimal as no optional output register could be merged into the block ram. Providing additional output register may help in improving timing.
INFO: [Synth 8-6837] The timing for the instance label_MEM/label_RAM/ram_file_reg_1_13 (implemented as a Block RAM) might be sub-optimal as no optional output register could be merged into the block ram. Providing additional output register may help in improving timing.
INFO: [Synth 8-6837] The timing for the instance label_MEM/label_RAM/ram_file_reg_1_14 (implemented as a Block RAM) might be sub-optimal as no optional output register could be merged into the block ram. Providing additional output register may help in improving timing.
INFO: [Synth 8-6837] The timing for the instance label_MEM/label_RAM/ram_file_reg_1_15 (implemented as a Block RAM) might be sub-optimal as no optional output register could be merged into the block ram. Providing additional output register may help in improving timing.
---------------------------------------------------------------------------------
Finished Technology Mapping : Time (s): cpu = 00:00:47 ; elapsed = 00:01:02 . Memory (MB): peak = 810.574 ; gain = 515.586
---------------------------------------------------------------------------------

Report RTL Partitions: 
+-+--------------+------------+----------+
| |RTL Partition |Replication |Instances |
+-+--------------+------------+----------+
+-+--------------+------------+----------+
---------------------------------------------------------------------------------
Start IO Insertion
---------------------------------------------------------------------------------
---------------------------------------------------------------------------------
Start Flattening Before IO Insertion
---------------------------------------------------------------------------------
---------------------------------------------------------------------------------
Finished Flattening Before IO Insertion
---------------------------------------------------------------------------------
---------------------------------------------------------------------------------
Start Final Netlist Cleanup
---------------------------------------------------------------------------------
---------------------------------------------------------------------------------
Finished Final Netlist Cleanup
---------------------------------------------------------------------------------
---------------------------------------------------------------------------------
Finished IO Insertion : Time (s): cpu = 00:00:49 ; elapsed = 00:01:04 . Memory (MB): peak = 810.574 ; gain = 515.586
---------------------------------------------------------------------------------

Report Check Netlist: 
+------+------------------+-------+---------+-------+------------------+
|      |Item              |Errors |Warnings |Status |Description       |
+------+------------------+-------+---------+-------+------------------+
|1     |multi_driven_nets |      0|        0|Passed |Multi driven nets |
+------+------------------+-------+---------+-------+------------------+
---------------------------------------------------------------------------------
Start Renaming Generated Instances
---------------------------------------------------------------------------------
---------------------------------------------------------------------------------
Finished Renaming Generated Instances : Time (s): cpu = 00:00:49 ; elapsed = 00:01:04 . Memory (MB): peak = 810.574 ; gain = 515.586
---------------------------------------------------------------------------------

Report RTL Partitions: 
+-+--------------+------------+----------+
| |RTL Partition |Replication |Instances |
+-+--------------+------------+----------+
+-+--------------+------------+----------+
---------------------------------------------------------------------------------
Start Rebuilding User Hierarchy
---------------------------------------------------------------------------------
---------------------------------------------------------------------------------
Finished Rebuilding User Hierarchy : Time (s): cpu = 00:00:49 ; elapsed = 00:01:04 . Memory (MB): peak = 810.574 ; gain = 515.586
---------------------------------------------------------------------------------
---------------------------------------------------------------------------------
Start Renaming Generated Ports
---------------------------------------------------------------------------------
---------------------------------------------------------------------------------
Finished Renaming Generated Ports : Time (s): cpu = 00:00:49 ; elapsed = 00:01:04 . Memory (MB): peak = 810.574 ; gain = 515.586
---------------------------------------------------------------------------------
---------------------------------------------------------------------------------
Start Handling Custom Attributes
---------------------------------------------------------------------------------
---------------------------------------------------------------------------------
Finished Handling Custom Attributes : Time (s): cpu = 00:00:49 ; elapsed = 00:01:04 . Memory (MB): peak = 810.574 ; gain = 515.586
---------------------------------------------------------------------------------
---------------------------------------------------------------------------------
Start Renaming Generated Nets
---------------------------------------------------------------------------------
---------------------------------------------------------------------------------
Finished Renaming Generated Nets : Time (s): cpu = 00:00:49 ; elapsed = 00:01:04 . Memory (MB): peak = 810.574 ; gain = 515.586
---------------------------------------------------------------------------------
---------------------------------------------------------------------------------
Start Writing Synthesis Report
---------------------------------------------------------------------------------

Report BlackBoxes: 
+-+--------------+----------+
| |BlackBox name |Instances |
+-+--------------+----------+
+-+--------------+----------+

Report Cell Usage: 
+------+-----------+------+
|      |Cell       |Count |
+------+-----------+------+
|1     |BUFG       |     1|
|2     |CARRY4     |    16|
|3     |LUT1       |    36|
|4     |LUT2       |     7|
|5     |LUT3       |    33|
|6     |LUT4       |    31|
|7     |LUT5       |    48|
|8     |LUT6       |   110|
|9     |MUXF7      |    16|
|10    |RAM32M     |     6|
|11    |RAMB36E1   |    15|
|12    |RAMB36E1_1 |    15|
|13    |RAMB36E1_2 |     1|
|14    |RAMB36E1_3 |     1|
|15    |FDRE       |    50|
|16    |IBUF       |     6|
|17    |OBUF       |    20|
|18    |OBUFT      |     7|
+------+-----------+------+

Report Instance Areas: 
+------+--------------+-------+------+
|      |Instance      |Module |Cells |
+------+--------------+-------+------+
|1     |top           |       |   419|
|2     |  label_EX    |EX     |    24|
|3     |    label_ALU |ALU    |     4|
|4     |  label_ID    |InstrD |    69|
|5     |    label_RF  |RF     |    69|
|6     |  label_IF    |InstrF |   219|
|7     |  label_MEM   |MEM    |    32|
|8     |    label_RAM |RAM    |    32|
|9     |  label_MPG   |MPG    |    34|
+------+--------------+-------+------+
---------------------------------------------------------------------------------
Finished Writing Synthesis Report : Time (s): cpu = 00:00:49 ; elapsed = 00:01:04 . Memory (MB): peak = 810.574 ; gain = 515.586
---------------------------------------------------------------------------------
Synthesis finished with 0 errors, 0 critical warnings and 17 warnings.
Synthesis Optimization Runtime : Time (s): cpu = 00:00:31 ; elapsed = 00:00:45 . Memory (MB): peak = 810.574 ; gain = 211.465
Synthesis Optimization Complete : Time (s): cpu = 00:00:49 ; elapsed = 00:01:04 . Memory (MB): peak = 810.574 ; gain = 515.586
INFO: [Project 1-571] Translating synthesized netlist
INFO: [Netlist 29-17] Analyzing 70 Unisim elements for replacement
INFO: [Netlist 29-28] Unisim Transformation completed in 0 CPU seconds
INFO: [Project 1-570] Preparing netlist for logic optimization
INFO: [Opt 31-138] Pushed 0 inverter(s) to 0 load pin(s).
Netlist sorting complete. Time (s): cpu = 00:00:00 ; elapsed = 00:00:00 . Memory (MB): peak = 810.863 ; gain = 0.000
INFO: [Project 1-111] Unisim Transformation Summary:
  A total of 6 instances were transformed.
  RAM32M => RAM32M (RAMD32, RAMD32, RAMD32, RAMD32, RAMD32, RAMD32, RAMS32, RAMS32): 6 instances

INFO: [Common 17-83] Releasing license: Synthesis
80 Infos, 52 Warnings, 0 Critical Warnings and 0 Errors encountered.
synth_design completed successfully
synth_design: Time (s): cpu = 00:00:53 ; elapsed = 00:01:10 . Memory (MB): peak = 810.867 ; gain = 528.883
Netlist sorting complete. Time (s): cpu = 00:00:00 ; elapsed = 00:00:00.001 . Memory (MB): peak = 810.867 ; gain = 0.000
WARNING: [Constraints 18-5210] No constraints selected for write.
Resolution: This message can indicate that there are no constraints for the design, or it can indicate that the used_in flags are set such that the constraints are ignored. This later case is used when running synth_design to not write synthesis constraints to the resulting checkpoint. Instead, project constraints are read when the synthesized design is opened.
INFO: [Common 17-1381] The checkpoint 'E:/CA/project_2/project_2.runs/synth_1/test_env.dcp' has been generated.
INFO: [runtcl-4] Executing : report_utilization -file test_env_utilization_synth.rpt -pb test_env_utilization_synth.pb
INFO: [Common 17-206] Exiting Vivado at Fri May 24 01:22:53 2019...
